build/outputs/mapping/release/seeds.txt
cn.hishi.android.scrm.XposedInit: void pruneCallbacks(java.util.Set)
cn.hishi.android.scrm.XSharedPreferences: java.nio.file.WatchService sWatcher
android.content.res.XResources$1: java.util.LinkedList initialValue()
cn.hishi.android.scrm.XposedHelpers: java.lang.String getParametersString(java.lang.Class[])
cn.hishi.android.scrm.callbacks.XC_LayoutInflated: XC_LayoutInflated(int)
android.content.res.XResources$ResourceNames: java.lang.String type
android.content.res.XResources: android.graphics.drawable.Drawable getDrawable(int,android.content.res.Resources$Theme)
cn.hishi.android.scrm.services.DirectAccessService: boolean checkFileAccess(java.lang.String,int)
cn.hishi.android.scrm.XposedBridge: java.lang.Object[] EMPTY_ARRAY
cn.hishi.android.scrm.XposedHelpers: int getMethodDepth(java.lang.String)
cn.hishi.android.scrm.SELinuxHelper: boolean isSELinuxEnabled()
cn.hishi.android.scrm.XposedBridge$CopyOnWriteSortedSet: boolean remove(java.lang.Object)
cn.hishi.android.scrm.XSharedPreferences: android.content.SharedPreferences$Editor edit()
android.content.res.XResources: android.graphics.drawable.Drawable getDrawableForDensity(int,int,android.content.res.Resources$Theme,boolean)
cn.hishi.android.scrm.XposedHelpers: void setFloatField(java.lang.Object,java.lang.String,float)
cn.hishi.android.scrm.XposedHelpers$ClassNotFoundError
cn.hishi.android.scrm.XposedHelpers: XposedHelpers()
cn.hishi.android.scrm.XposedBridge: void dumpObjectNative(java.lang.Object)
cn.hishi.android.scrm.XposedHelpers: int decrementMethodDepth(java.lang.String)
cn.hishi.android.scrm.XposedInit$1: void beforeHookedMethod(cn.hishi.android.scrm.XC_MethodHook$MethodHookParam)
cn.hishi.android.scrm.XposedBridge$CopyOnWriteSortedSet
cn.hishi.android.scrm.PendingHooks: void cleanUp()
cn.hishi.android.scrm.IXposedHookZygoteInit$Wrapper: cn.hishi.android.scrm.IXposedHookZygoteInit instance
cn.hishi.android.scrm.callbacks.XC_LayoutInflated: XC_LayoutInflated()
cn.hishi.android.scrm.callbacks.XC_InitPackageResources$InitPackageResourcesParam: java.lang.String packageName
cn.hishi.android.scrm.XposedHelpers$1: java.lang.Object initialValue()
cn.hishi.android.scrm.XposedHelpers: java.lang.reflect.Field findField(java.lang.Class,java.lang.String)
cn.hishi.android.scrm.XposedInit$3: java.lang.ThreadLocal val$latestResKey
cn.hishi.android.scrm.XposedHelpers: void setBooleanField(java.lang.Object,java.lang.String,boolean)
cn.hishi.android.scrm.services.DirectAccessService: boolean checkFileExists(java.lang.String)
cn.hishi.android.scrm.callbacks.XC_LayoutInflated$Unhook: XC_LayoutInflated$Unhook(cn.hishi.android.scrm.callbacks.XC_LayoutInflated,java.lang.String,int)
cn.hishi.android.scrm.XposedHelpers: void setLongField(java.lang.Object,java.lang.String,long)
cn.hishi.android.scrm.annotation.Level: cn.hishi.android.scrm.annotation.Level[] values()
cn.hishi.android.scrm.XposedInit: java.lang.String startClassName
cn.hishi.android.scrm.XSharedPreferences: long access$500(java.lang.String)
cn.hishi.android.scrm.IXposedHookLoadPackage$Wrapper: java.lang.String apkPath
cn.hishi.android.scrm.XposedHelpers: java.lang.Object removeAdditionalStaticField(java.lang.Class,java.lang.String)
cn.hishi.android.scrm.XSharedPreferences$2: cn.hishi.android.scrm.XSharedPreferences this$0
cn.hishi.android.scrm.services.BaseService: int F_OK
cn.hishi.android.scrm.services.BinderService: int TARGET_SYSTEM
android.content.res.XResources: android.graphics.Movie getMovie(int)
android.content.res.XResources: android.content.res.XResources$ResourceNames getSystemResourceNames(int)
cn.hishi.android.scrm.XposedHelpers: java.lang.reflect.Method findMethodExact(java.lang.Class,java.lang.String,java.lang.Class[])
cn.hishi.android.scrm.XposedInit$1
cn.hishi.android.scrm.XposedHelpers: java.lang.reflect.Constructor findConstructorBestMatch(java.lang.Class,java.lang.Object[])
cn.hishi.android.scrm.callbacks.XC_InitPackageResources: XC_InitPackageResources(int)