build/outputs/mapping/release/mapping.txt
# compiler: R8
# compiler_version: 2.1.86
# pg_map_id: ea906e3
# common_typos_disable
...
android.content.res.XResources$2 -> android.content.res.XResources$2:
    210:210:void <init>() -> <init>
    213:226:void afterHookedMethod(cn.hishi.android.scrm.XC_MethodHook$MethodHookParam) -> afterHookedMethod
android.content.res.XResources$3 -> android.content.res.XResources$3:
    231:231:void <init>() -> <init>
    239:253:void afterHookedMethod(cn.hishi.android.scrm.XC_MethodHook$MethodHookParam) -> afterHookedMethod
    234:234:void beforeHookedMethod(cn.hishi.android.scrm.XC_MethodHook$MethodHookParam) -> beforeHookedMethod
android.content.res.XResources$DimensionReplacement -> android.content.res.XResources$DimensionReplacement:
    1552:1554:void <init>(float,int) -> <init>
    1559:1559:float getDimension(android.util.DisplayMetrics) -> getDimension
    1564:1564:int getDimensionPixelOffset(android.util.DisplayMetrics) -> getDimensionPixelOffset
    1569:1572:int getDimensionPixelSize(android.util.DisplayMetrics) -> getDimensionPixelSize
android.content.res.XResources$DrawableLoader -> android.content.res.XResources$DrawableLoader:
    1505:1505:void <init>() -> <init>
    1529:1529:android.graphics.drawable.Drawable newDrawableForDensity(android.content.res.XResources,int,int) -> newDrawableForDensity
android.content.res.XResources$ResourceNames -> android.content.res.XResources$ResourceNames:
    272:272:void <init>(int,java.lang.String,java.lang.String,java.lang.String,android.content.res.XResources$1) -> <init>
    284:289:void <init>(int,java.lang.String,java.lang.String,java.lang.String) -> <init>
    296:298:boolean equals(java.lang.String,java.lang.String,java.lang.String,int) -> equals
android.content.res.XResources$XMLInstanceDetails -> android.content.res.XResources$XMLInstanceDetails:
    1582:1582:void <init>(android.content.res.XResources,android.content.res.XResources$ResourceNames,java.lang.String,cn.hishi.android.scrm.XposedBridge$CopyOnWriteSortedSet,android.content.res.XResources$1) -> <init>
    1586:1591:void <init>(android.content.res.XResources,android.content.res.XResources$ResourceNames,java.lang.String,cn.hishi.android.scrm.XposedBridge$CopyOnWriteSortedSet) -> <init>
android.content.res.XResources$XTypedArray -> android.content.res.XResources$XTypedArray:
    1265:1265:void <init>(android.content.res.Resources) -> <init>
    1276:1284:boolean getBoolean(int,boolean) -> getBoolean
    1289:1297:int getColor(int,int) -> getColor
    1302:1320:android.content.res.ColorStateList getColorStateList(int) -> getColorStateList
    1325:1331:float getDimension(int,float) -> getDimension
    1336:1342:int getDimensionPixelOffset(int,int) -> getDimensionPixelOffset
    1347:1353:int getDimensionPixelSize(int,int) -> getDimensionPixelSize
    1358:1374:android.graphics.drawable.Drawable getDrawable(int) -> getDrawable
    1379:1386:float getFloat(int,float) -> getFloat
    1391:1398:float getFraction(int,int,int,float) -> getFraction
    1403:1411:int getInt(int,int) -> getInt
    1416:1424:int getInteger(int,int) -> getInteger
    1429:1435:int getLayoutDimension(int,int) -> getLayoutDimension
    1440:1446:int getLayoutDimension(int,java.lang.String) -> getLayoutDimension
    1451:1459:java.lang.String getString(int) -> getString
    1464:1472:java.lang.CharSequence getText(int) -> getText
    1477:1485:java.lang.CharSequence[] getTextArray(int) -> getTextArray