build/outputs/mapping/release/usage.txt
external.org.apache.commons.lang3.ObjectUtils$Null
pxb.android.arsc.ArscParser$Chunk
pxb.android.arsc.BagValue
pxb.android.axml.AxmlWriter$1
pxb.android.axml.AxmlWriter
pxb.android.axml.ValueWrapper:
    public pxb.android.axml.ValueWrapper replaceRaw(java.lang.String)
    public static final int ID
    public static final int STYLE
    public static final int CLASS
external.org.apache.commons.lang3.mutable.Mutable
external.org.apache.commons.lang3.SystemUtils:
    public static java.io.File getJavaHome()
    public static java.io.File getJavaIoTmpDir()
    public static java.io.File getUserDir()
    public static java.io.File getUserHome()
    public static boolean isJavaAwtHeadless()
    public void <init>()
    private static final java.lang.String OS_NAME_WINDOWS_PREFIX
    private static final java.lang.String USER_HOME_KEY
    private static final java.lang.String USER_DIR_KEY
    private static final java.lang.String JAVA_IO_TMPDIR_KEY
    private static final java.lang.String JAVA_HOME_KEY
pxb.android.arsc.ResEntry
pxb.android.axml.Axml$Node$Text
com.elderdrivers.riru.edxp.hook.HookProvider:
    public abstract java.lang.Object findMethodNative(java.lang.Class,java.lang.String,java.lang.String)
    public abstract void deoptMethodNative(java.lang.Object)
    public abstract boolean methodHooked(java.lang.reflect.Member)
pxb.android.arsc.Config
pxb.android.arsc.Value
pxb.android.axml.AxmlWriter$Ns
external.org.apache.commons.lang3.builder.CompareToBuilder
external.org.apache.commons.lang3.Validate
pxb.android.axml.Axml$Node
pxb.android.axml.AxmlWriter$Attr
external.org.apache.commons.lang3.builder.ToStringStyle$DefaultToStringStyle
pxb.android.arsc.Type
com.elderdrivers.riru.edxp.config.EdXpConfigGlobal:
    public void <init>()
external.org.apache.commons.lang3.builder.HashCodeBuilder
pxb.android.arsc.ArscWriter$1
external.org.apache.commons.lang3.builder.ToStringStyle$NoFieldNameToStringStyle
pxb.android.StringItems:
    public void <init>()
    public int getSize()
    public void prepare()
    public void write(java.nio.ByteBuffer)
    byte[] stringData
    private boolean useUTF8
    private static final int UTF8_FLAG
pxb.android.axml.AxmlWriter$NodeImpl
external.org.apache.commons.lang3.exception.CloneFailedException
external.org.apache.commons.lang3.builder.EqualsBuilder
external.org.apache.commons.lang3.ClassUtils:
    public static final java.lang.String PACKAGE_SEPARATOR
    public static final java.lang.String INNER_CLASS_SEPARATOR
external.org.apache.commons.lang3.ArrayUtils:
    public static final java.lang.String[] EMPTY_STRING_ARRAY
    public static final long[] EMPTY_LONG_ARRAY
    public static final java.lang.Long[] EMPTY_LONG_OBJECT_ARRAY
    public static final int[] EMPTY_INT_ARRAY
    public static final java.lang.Integer[] EMPTY_INTEGER_OBJECT_ARRAY
    public static final short[] EMPTY_SHORT_ARRAY
    public static final java.lang.Short[] EMPTY_SHORT_OBJECT_ARRAY
    public static final byte[] EMPTY_BYTE_ARRAY
    public static final java.lang.Byte[] EMPTY_BYTE_OBJECT_ARRAY
    public static final double[] EMPTY_DOUBLE_ARRAY
    public static final java.lang.Double[] EMPTY_DOUBLE_OBJECT_ARRAY
    public static final float[] EMPTY_FLOAT_ARRAY
    public static final java.lang.Float[] EMPTY_FLOAT_OBJECT_ARRAY
    public static final boolean[] EMPTY_BOOLEAN_ARRAY
    public static final java.lang.Boolean[] EMPTY_BOOLEAN_OBJECT_ARRAY
    public static final char[] EMPTY_CHAR_ARRAY
    public static final java.lang.Character[] EMPTY_CHARACTER_OBJECT_ARRAY
external.org.apache.commons.lang3.StringUtils:
    private static final java.util.regex.Pattern WHITESPACE_BLOCK
pxb.android.axml.ValueWrapper:
    public final int type
    public final java.lang.String raw
    public final int ref